<?xml version="1.0" encoding="UTF-8"?>
<!-- Generated by org.testng.reporters.JUnitXMLReporter -->
<testsuite ignored="3" hostname="LAPTOP-840DAPSM" failures="0" tests="3" name="Test" time="0.075" errors="0" timestamp="2023-10-30T08:43:30 IST">
  <testcase classname="TestNG.Test9" name="login" time="0.011"/>
  <testcase classname="TestNG.Test9" name="login" time="0.001"/>
  <testcase classname="TestNG.Test11" name="login1" time="0.003"/>
  <testcase classname="TestNG.Test11" name="login2" time="0.0">
    <ignored/>
  </testcase> <!-- login2 -->
  <testcase classname="TestNG.Test3" name="loginSoftAssert" time="0.0">
    <ignored/>
  </testcase> <!-- loginSoftAssert -->
  <testcase classname="TestNG.Test3" name="login" time="0.0">
    <ignored/>
  </testcase> <!-- login -->
</testsuite> <!-- Test -->
