<?xml version="1.0" encoding="UTF-8"?>
<!-- Generated by org.testng.reporters.JUnitXMLReporter -->
<testsuite hostname="LAPTOP-840DAPSM" ignored="7" name="Test" tests="1" failures="0" timestamp="2023-10-31T08:39:48 IST" time="0.03" errors="0">
  <testcase name="login2" time="0.005" classname="com.testng.demos.Test11"/>
  <testcase name="login2" time="0.0" classname="com.testng.demos.Test2">
    <ignored/>
  </testcase> <!-- login2 -->
  <testcase name="login3" time="0.0" classname="com.testng.demos.Test11">
    <ignored/>
  </testcase> <!-- login3 -->
  <testcase name="login" time="0.0" classname="com.testng.demos.Test3">
    <ignored/>
  </testcase> <!-- login -->
  <testcase name="login1" time="0.0" classname="com.testng.demos.Test11">
    <ignored/>
  </testcase> <!-- login1 -->
  <testcase name="login1" time="0.0" classname="com.testng.demos.Test2">
    <ignored/>
  </testcase> <!-- login1 -->
  <testcase name="login4" time="0.0" classname="com.testng.demos.Test11">
    <ignored/>
  </testcase> <!-- login4 -->
  <testcase name="loginSoftAssert" time="0.0" classname="com.testng.demos.Test3">
    <ignored/>
  </testcase> <!-- loginSoftAssert -->
</testsuite> <!-- Test -->
