<?xml version="1.0" encoding="UTF-8"?>
<testng-results skipped="0" failed="0" ignored="7" total="8" passed="1">
  <reporter-output>
  </reporter-output>
  <suite name="Suite" duration-ms="30" started-at="2023-10-31T08:39:48 IST" finished-at="2023-10-31T08:39:48 IST">
    <groups>
      <group name="regression">
        <method signature="Test11.login2()[pri:0, instance:com.testng.demos.Test11@31a5c39e]" name="login2" class="com.testng.demos.Test11"/>
      </group> <!-- regression -->
    </groups>
    <test name="Test" duration-ms="30" started-at="2023-10-31T08:39:48 IST" finished-at="2023-10-31T08:39:48 IST">
      <class name="com.testng.demos.Test11">
        <test-method status="PASS" signature="login2()[pri:0, instance:com.testng.demos.Test11@31a5c39e]" name="login2" duration-ms="5" started-at="2023-10-31T08:39:48 IST" finished-at="2023-10-31T08:39:48 IST">
          <reporter-output>
          </reporter-output>
        </test-method> <!-- login2 -->
      </class> <!-- com.testng.demos.Test11 -->
    </test> <!-- Test -->
  </suite> <!-- Suite -->
</testng-results>
