<?xml version="1.0" encoding="UTF-8"?>
<!-- Generated by org.testng.reporters.JUnitXMLReporter -->
<testsuite ignored="2" hostname="LAPTOP-840DAPSM" failures="2" tests="12" name="Login Test" time="0.059" errors="0" timestamp="2023-10-28T09:53:12 IST">
  <testcase classname="TestNG.Test4" name="doLogin" time="0.008"/>
  <testcase classname="TestNG.Test1" name="login" time="0.006"/>
  <testcase classname="TestNG.Test6" name="login" time="0.009"/>
  <testcase classname="TestNG.Test2" name="login1" time="0.007"/>
  <testcase classname="TestNG.Test2" name="login2" time="0.002"/>
  <testcase classname="TestNG.Test1" name="login" time="0.002"/>
  <testcase classname="TestNG.Test4" name="doLogout" time="0.004"/>
  <testcase classname="TestNG.Test7" name="login" time="0.002"/>
  <testcase classname="TestNG.Test6" name="login" time="0.007"/>
  <testcase classname="TestNG.Test8" name="login" time="0.002"/>
  <testcase classname="TestNG.Test3" name="login" time="0.024">
    <failure type="java.lang.AssertionError" message="expected [10] but found [11]">
      <![CDATA[java.lang.AssertionError: expected [10] but found [11]
at TestNG.Test3.login(Test3.java:16)
at java.base/java.util.concurrent.ThreadPoolExecutor.runWorker(ThreadPoolExecutor.java:1136)
at java.base/java.util.concurrent.ThreadPoolExecutor$Worker.run(ThreadPoolExecutor.java:635)
at java.base/java.lang.Thread.run(Thread.java:833)
... Removed 17 stack frames]]>
    </failure>
  </testcase> <!-- login -->
  <testcase classname="TestNG.Test3" name="loginSoftAssert" time="0.005">
    <failure type="java.lang.AssertionError" message="The following asserts failed:
	expected [10] but found [11],
	expected [true] but found [false]">
      <![CDATA[java.lang.AssertionError: The following asserts failed:
expected [10] but found [11],
expected [true] but found [false]
at TestNG.Test3.loginSoftAssert(Test3.java:34)
at java.base/java.util.concurrent.ThreadPoolExecutor.runWorker(ThreadPoolExecutor.java:1136)
at java.base/java.util.concurrent.ThreadPoolExecutor$Worker.run(ThreadPoolExecutor.java:635)
at java.base/java.lang.Thread.run(Thread.java:833)
... Removed 12 stack frames]]>
    </failure>
  </testcase> <!-- loginSoftAssert -->
  <testcase classname="TestNG.Test5" name="loginSoftAssert" time="0.0">
    <ignored/>
  </testcase> <!-- loginSoftAssert -->
  <testcase classname="TestNG.Test5" name="login" time="0.0">
    <ignored/>
  </testcase> <!-- login -->
</testsuite> <!-- Login Test -->
