<?xml version="1.0" encoding="UTF-8"?>
<testng-results ignored="0" total="3" passed="3" failed="0" skipped="0">
  <reporter-output>
  </reporter-output>
  <suite started-at="2023-10-30T09:02:43 IST" name="Default suite" finished-at="2023-10-30T09:02:43 IST" duration-ms="50">
    <groups>
    </groups>
    <test started-at="2023-10-30T09:02:43 IST" name="Default test" finished-at="2023-10-30T09:02:43 IST" duration-ms="50">
      <class name="TestNG.Test12">
        <test-method signature="doLogin()[pri:1, instance:TestNG.Test12@7714e963]" started-at="2023-10-30T09:02:43 IST" name="doLogin" finished-at="2023-10-30T09:02:43 IST" duration-ms="10" status="PASS">
          <reporter-output>
          </reporter-output>
        </test-method> <!-- doLogin -->
        <test-method signature="doUserCreate()[pri:2, instance:TestNG.Test12@7714e963]" started-at="2023-10-30T09:02:43 IST" name="doUserCreate" finished-at="2023-10-30T09:02:43 IST" duration-ms="2" status="PASS">
          <reporter-output>
          </reporter-output>
        </test-method> <!-- doUserCreate -->
        <test-method signature="doLogout()[pri:3, instance:TestNG.Test12@7714e963]" started-at="2023-10-30T09:02:43 IST" name="doLogout" finished-at="2023-10-30T09:02:43 IST" duration-ms="2" status="PASS">
          <reporter-output>
          </reporter-output>
        </test-method> <!-- doLogout -->
      </class> <!-- TestNG.Test12 -->
    </test> <!-- Default test -->
  </suite> <!-- Default suite -->
</testng-results>
